=2013-02-19 09:16:23,468 ERROR [com.wfp.utils.SensorServiceUtils] START - SensorServiceUtils.getEmergencySpotDtls
=2013-02-19 09:16:23,469 ERROR [com.wfp.utils.SensorServiceUtils] START - SensorServiceUtils.getServiceLocatorStub
=2013-02-19 09:16:52,333 ERROR [com.wfp.utils.LDAPUtils] Error occured while searching results [[LDAP: error code 32 - No Such Object]]
=2013-02-19 09:16:52,411 ERROR [com.wfp.utils.LDAPUtils] Error occured while searching results [[LDAP: error code 32 - No Such Object]]
=2013-02-19 09:16:52,495 ERROR [com.wfp.utils.LDAPUtils] Error occured while searching results [[LDAP: error code 32 - No Such Object]]
=2013-02-19 09:16:52,581 ERROR [com.wfp.utils.LDAPUtils] Error occured while searching results [[LDAP: error code 32 - No Such Object]]
=2013-02-19 09:16:52,994 ERROR [com.wfp.utils.LDAPUtils] Error occured while searching results [[LDAP: error code 32 - No Such Object]]
=2013-02-19 09:16:53,750 ERROR [com.wfp.utils.LDAPUtils] Error occured while searching results [[LDAP: error code 32 - No Such Object]]
=2013-02-19 09:16:53,835 ERROR [com.wfp.utils.LDAPUtils] Error occured while searching results [[LDAP: error code 32 - No Such Object]]
=2013-02-19 09:16:53,918 ERROR [com.wfp.utils.LDAPUtils] Error occured while searching results [[LDAP: error code 32 - No Such Object]]
=2013-02-19 09:16:54,326 ERROR [com.spacetimeinsight.license.checker.STILicenseManager]  WARRNING-License component native library loading issue -org.hyperic.sigar.Sigar.getNetInterfaceList()[Ljava/lang/String;
java.lang.UnsatisfiedLinkError: org.hyperic.sigar.Sigar.getNetInterfaceList()[Ljava/lang/String;
	at org.hyperic.sigar.Sigar.getNetInterfaceList(Native Method)
	at com.spacetimeinsight.license.sigutil.SigExtractor.getMACAddr(Unknown Source)
	at com.spacetimeinsight.license.sigutil.SigExtractor.getSignature(Unknown Source)
	at com.spacetimeinsight.license.checker.STILicenseManager.verifyMachineSignature(Unknown Source)
	at com.spacetimeinsight.license.checker.STILicenseManager.validate(Unknown Source)
	at de.schlichtherle.license.LicenseManager.verify(Unknown Source)
	at de.schlichtherle.license.LicenseManager.verify(Unknown Source)
	at com.spacetimeinsight.license.checker.LicenseChecker.verify(Unknown Source)
	at com.enterprisehorizons.magma.server.util.LicenseUtils.isLicenseValid(LicenseUtils.java:34)
	at com.spacetimeinsight.magma.job.LicenseExpirationJob.execute(LicenseExpirationJob.java:39)
	at org.quartz.core.JobRunShell.run(JobRunShell.java:202)
	at org.quartz.simpl.SimpleThreadPool$WorkerThread.run(SimpleThreadPool.java:525)
=2013-02-19 09:16:54,408 ERROR [com.wfp.utils.LDAPUtils] Error occured while searching results [[LDAP: error code 32 - No Such Object]]
=2013-02-19 09:16:54,502 ERROR [com.wfp.utils.LDAPUtils] Error occured while searching results [[LDAP: error code 32 - No Such Object]]
=2013-02-19 09:16:54,736 ERROR [com.wfp.utils.LDAPUtils] Error occured while searching results [[LDAP: error code 32 - No Such Object]]
=2013-02-19 09:16:54,825 ERROR [com.wfp.utils.LDAPUtils] Error occured while searching results [[LDAP: error code 32 - No Such Object]]
=2013-02-19 09:16:59,855 ERROR [com.wfp.utils.SensorServiceUtils] Error occured while retrieving devices [Cannot find dispatch method for {http://hitec.lu/pss/soap/sensor/client/5.x}getDeviceStatus]
=2013-02-19 09:16:59,857 ERROR [com.wfp.utils.SensorServiceUtils] Error occured while retrieving devices data points [Error occured while retrieving devices [Cannot find dispatch method for {http://hitec.lu/pss/soap/sensor/client/5.x}getDeviceStatus]]
=2013-02-19 09:16:59,858 ERROR [com.spacetimeinsight.magma.job.CustomJob] Task failed to execute successfully com.enterprisehorizons.exception.EHRuntimeException: Error occured while retrieving device data points [Error occured while retrieving devices [Cannot find dispatch method for {http://hitec.lu/pss/soap/sensor/client/5.x}getDeviceStatus]]
=2013-02-19 09:17:38,126 ERROR [com.wfp.utils.LDAPUtils] Error occured while searching results [[LDAP: error code 32 - No Such Object]]
=2013-02-19 09:17:38,300 ERROR [com.wfp.utils.LDAPUtils] Error occured while searching results [[LDAP: error code 32 - No Such Object]]
=2013-02-19 09:17:38,476 ERROR [com.wfp.utils.LDAPUtils] Error occured while searching results [[LDAP: error code 32 - No Such Object]]
=2013-02-19 09:17:38,644 ERROR [com.wfp.utils.LDAPUtils] Error occured while searching results [[LDAP: error code 32 - No Such Object]]
=2013-02-19 09:17:39,286 ERROR [com.wfp.utils.LDAPUtils] Error occured while searching results [[LDAP: error code 32 - No Such Object]]
=2013-02-19 09:17:39,451 ERROR [com.wfp.utils.LDAPUtils] Error occured while searching results [[LDAP: error code 32 - No Such Object]]
=2013-02-19 09:17:39,619 ERROR [com.wfp.utils.LDAPUtils] Error occured while searching results [[LDAP: error code 32 - No Such Object]]
=2013-02-19 09:17:39,792 ERROR [com.wfp.utils.LDAPUtils] Error occured while searching results [[LDAP: error code 32 - No Such Object]]
=2013-02-19 09:17:40,363 ERROR [com.wfp.utils.LDAPUtils] Error occured while searching results [[LDAP: error code 32 - No Such Object]]
=2013-02-19 09:17:40,467 ERROR [com.wfp.utils.LDAPUtils] Error occured while searching results [[LDAP: error code 32 - No Such Object]]
=2013-02-19 09:17:40,980 ERROR [com.wfp.utils.LDAPUtils] Error occured while searching results [[LDAP: error code 32 - No Such Object]]
=2013-02-19 09:17:41,079 ERROR [com.wfp.utils.LDAPUtils] Error occured while searching results [[LDAP: error code 32 - No Such Object]]
